

Started GET "/" for 127.0.0.1 at 2017-01-26 17:35:01 +0200

ActiveRecord::PendingMigrationError (

Migrations are pending. To resolve this issue, run:

	bin/rake db:migrate RAILS_ENV=development

):
  activerecord (4.2.6) lib/active_record/migration.rb:392:in `check_pending!'
  activerecord (4.2.6) lib/active_record/migration.rb:373:in `call'
  actionpack (4.2.6) lib/action_dispatch/middleware/callbacks.rb:29:in `block in call'
  activesupport (4.2.6) lib/active_support/callbacks.rb:88:in `__run_callbacks__'
  activesupport (4.2.6) lib/active_support/callbacks.rb:778:in `_run_call_callbacks'
  activesupport (4.2.6) lib/active_support/callbacks.rb:81:in `run_callbacks'
  actionpack (4.2.6) lib/action_dispatch/middleware/callbacks.rb:27:in `call'
  actionpack (4.2.6) lib/action_dispatch/middleware/reloader.rb:73:in `call'
  actionpack (4.2.6) lib/action_dispatch/middleware/remote_ip.rb:78:in `call'
  actionpack (4.2.6) lib/action_dispatch/middleware/debug_exceptions.rb:17:in `call'
  web-console (2.3.0) lib/web_console/middleware.rb:28:in `block in call'
  web-console (2.3.0) lib/web_console/middleware.rb:18:in `catch'
  web-console (2.3.0) lib/web_console/middleware.rb:18:in `call'
  actionpack (4.2.6) lib/action_dispatch/middleware/show_exceptions.rb:30:in `call'
  railties (4.2.6) lib/rails/rack/logger.rb:38:in `call_app'
  railties (4.2.6) lib/rails/rack/logger.rb:20:in `block in call'
  activesupport (4.2.6) lib/active_support/tagged_logging.rb:68:in `block in tagged'
  activesupport (4.2.6) lib/active_support/tagged_logging.rb:26:in `tagged'
  activesupport (4.2.6) lib/active_support/tagged_logging.rb:68:in `tagged'
  railties (4.2.6) lib/rails/rack/logger.rb:20:in `call'
  actionpack (4.2.6) lib/action_dispatch/middleware/request_id.rb:21:in `call'
  rack (1.6.5) lib/rack/methodoverride.rb:22:in `call'
  rack (1.6.5) lib/rack/runtime.rb:18:in `call'
  activesupport (4.2.6) lib/active_support/cache/strategy/local_cache_middleware.rb:28:in `call'
  rack (1.6.5) lib/rack/lock.rb:17:in `call'
  actionpack (4.2.6) lib/action_dispatch/middleware/static.rb:120:in `call'
  rack (1.6.5) lib/rack/sendfile.rb:113:in `call'
  railties (4.2.6) lib/rails/engine.rb:518:in `call'
  railties (4.2.6) lib/rails/application.rb:165:in `call'
  rack (1.6.5) lib/rack/lock.rb:17:in `call'
  rack (1.6.5) lib/rack/content_length.rb:15:in `call'
  rack (1.6.5) lib/rack/handler/webrick.rb:88:in `service'
  /home/vesa/.rbenv/versions/2.3.1/lib/ruby/2.3.0/webrick/httpserver.rb:140:in `service'
  /home/vesa/.rbenv/versions/2.3.1/lib/ruby/2.3.0/webrick/httpserver.rb:96:in `run'
  /home/vesa/.rbenv/versions/2.3.1/lib/ruby/2.3.0/webrick/server.rb:296:in `block in start_thread'


  Rendered /home/vesa/.rbenv/versions/2.3.1/lib/ruby/gems/2.3.0/gems/actionpack-4.2.6/lib/action_dispatch/middleware/templates/rescues/_source.erb (1.9ms)
  Rendered /home/vesa/.rbenv/versions/2.3.1/lib/ruby/gems/2.3.0/gems/actionpack-4.2.6/lib/action_dispatch/middleware/templates/rescues/_trace.html.erb (1.2ms)
  Rendered /home/vesa/.rbenv/versions/2.3.1/lib/ruby/gems/2.3.0/gems/actionpack-4.2.6/lib/action_dispatch/middleware/templates/rescues/_request_and_response.html.erb (1.0ms)
  Rendered /home/vesa/.rbenv/versions/2.3.1/lib/ruby/gems/2.3.0/gems/actionpack-4.2.6/lib/action_dispatch/middleware/templates/rescues/diagnostics.html.erb within rescues/layout (32.4ms)
  Rendered /home/vesa/.rbenv/versions/2.3.1/lib/ruby/gems/2.3.0/gems/web-console-2.3.0/lib/web_console/templates/_markup.html.erb (0.4ms)
  Rendered /home/vesa/.rbenv/versions/2.3.1/lib/ruby/gems/2.3.0/gems/web-console-2.3.0/lib/web_console/templates/_inner_console_markup.html.erb within layouts/inlined_string (0.5ms)
  Rendered /home/vesa/.rbenv/versions/2.3.1/lib/ruby/gems/2.3.0/gems/web-console-2.3.0/lib/web_console/templates/_prompt_box_markup.html.erb within layouts/inlined_string (0.7ms)
  Rendered /home/vesa/.rbenv/versions/2.3.1/lib/ruby/gems/2.3.0/gems/web-console-2.3.0/lib/web_console/templates/style.css.erb within layouts/inlined_string (0.3ms)
  Rendered /home/vesa/.rbenv/versions/2.3.1/lib/ruby/gems/2.3.0/gems/web-console-2.3.0/lib/web_console/templates/console.js.erb within layouts/javascript (40.1ms)
  Rendered /home/vesa/.rbenv/versions/2.3.1/lib/ruby/gems/2.3.0/gems/web-console-2.3.0/lib/web_console/templates/main.js.erb within layouts/javascript (0.4ms)
  Rendered /home/vesa/.rbenv/versions/2.3.1/lib/ruby/gems/2.3.0/gems/web-console-2.3.0/lib/web_console/templates/error_page.js.erb within layouts/javascript (0.8ms)
  Rendered /home/vesa/.rbenv/versions/2.3.1/lib/ruby/gems/2.3.0/gems/web-console-2.3.0/lib/web_console/templates/index.html.erb (84.1ms)
  [1m[36m (7.8ms)[0m  [1mCREATE TABLE "schema_migrations" ("version" varchar NOT NULL) [0m
  [1m[35m (0.1ms)[0m  select sqlite_version(*)
  [1m[36m (6.1ms)[0m  [1mCREATE UNIQUE INDEX "unique_schema_migrations" ON "schema_migrations" ("version")[0m
  [1m[35mActiveRecord::SchemaMigration Load (0.1ms)[0m  SELECT "schema_migrations".* FROM "schema_migrations"
Migrating to CreateBreweries (20170114131807)
  [1m[36m (0.1ms)[0m  [1mbegin transaction[0m
  [1m[35m (0.3ms)[0m  CREATE TABLE "breweries" ("id" INTEGER PRIMARY KEY AUTOINCREMENT NOT NULL, "name" varchar, "year" integer, "created_at" datetime NOT NULL, "updated_at" datetime NOT NULL) 
  [1m[36mSQL (0.2ms)[0m  [1mINSERT INTO "schema_migrations" ("version") VALUES (?)[0m  [["version", "20170114131807"]]
  [1m[35m (6.0ms)[0m  commit transaction
Migrating to CreateBeers (20170114133346)
  [1m[36m (0.1ms)[0m  [1mbegin transaction[0m
  [1m[35m (0.3ms)[0m  CREATE TABLE "beers" ("id" INTEGER PRIMARY KEY AUTOINCREMENT NOT NULL, "name" varchar, "style" varchar, "brewery_id" integer, "created_at" datetime NOT NULL, "updated_at" datetime NOT NULL) 
  [1m[36mSQL (0.1ms)[0m  [1mINSERT INTO "schema_migrations" ("version") VALUES (?)[0m  [["version", "20170114133346"]]
  [1m[35m (5.1ms)[0m  commit transaction
  [1m[36mActiveRecord::SchemaMigration Load (0.1ms)[0m  [1mSELECT "schema_migrations".* FROM "schema_migrations"[0m


Started GET "/" for 127.0.0.1 at 2017-01-26 17:38:19 +0200
  [1m[36mActiveRecord::SchemaMigration Load (0.1ms)[0m  [1mSELECT "schema_migrations".* FROM "schema_migrations"[0m
Processing by Rails::WelcomeController#index as HTML
  Rendered /home/vesa/.rbenv/versions/2.3.1/lib/ruby/gems/2.3.0/gems/railties-4.2.6/lib/rails/templates/rails/welcome/index.html.erb (0.6ms)
Completed 200 OK in 34ms (Views: 17.7ms | ActiveRecord: 0.0ms)


Started GET "/" for 127.0.0.1 at 2017-01-27 09:43:11 +0200
  [1m[36mActiveRecord::SchemaMigration Load (0.1ms)[0m  [1mSELECT "schema_migrations".* FROM "schema_migrations"[0m
Processing by Rails::WelcomeController#index as HTML
  Rendered /home/vesa/.rbenv/versions/2.3.1/lib/ruby/gems/2.3.0/gems/railties-4.2.6/lib/rails/templates/rails/welcome/index.html.erb (1.2ms)
Completed 200 OK in 15ms (Views: 7.4ms | ActiveRecord: 0.0ms)


Started GET "/beers" for 127.0.0.1 at 2017-01-27 09:43:14 +0200
Processing by BeersController#index as HTML
  [1m[35mBeer Load (0.2ms)[0m  SELECT "beers".* FROM "beers"
  Rendered beers/index.html.erb within layouts/application (3.5ms)
Completed 200 OK in 694ms (Views: 684.4ms | ActiveRecord: 0.4ms)


Started GET "/assets/scaffolds.self-886b70c7adb36d0eae8481a42c2b52614d0da32633a155862ff2aaaa258a6d5e.css?body=1" for 127.0.0.1 at 2017-01-27 09:43:15 +0200


Started GET "/assets/application.self-e80e8f2318043e8af94dddc2adad5a4f09739a8ebb323b3ab31cd71d45fd9113.css?body=1" for 127.0.0.1 at 2017-01-27 09:43:15 +0200


Started GET "/assets/application.self-3b8dabdc891efe46b9a144b400ad69e37d7e5876bdc39dee783419a69d7ca819.js?body=1" for 127.0.0.1 at 2017-01-27 09:43:15 +0200


Started GET "/breweries" for 127.0.0.1 at 2017-01-27 09:43:19 +0200
Processing by BreweriesController#index as HTML
  [1m[36m (0.1ms)[0m  [1mSELECT COUNT(*) FROM "breweries"[0m
  [1m[35mBrewery Load (0.1ms)[0m  SELECT "breweries".* FROM "breweries"
  Rendered breweries/index.html.erb within layouts/application (2.3ms)
Completed 200 OK in 51ms (Views: 38.4ms | ActiveRecord: 0.3ms)


Started GET "/breweries/new" for 127.0.0.1 at 2017-01-27 10:18:42 +0200
Processing by BreweriesController#new as HTML
  Rendered breweries/_form.html.erb (39.1ms)
  Rendered breweries/new.html.erb within layouts/application (46.9ms)
Completed 200 OK in 75ms (Views: 69.8ms | ActiveRecord: 0.3ms)


Started POST "/breweries" for 127.0.0.1 at 2017-01-27 10:18:47 +0200
Processing by BreweriesController#create as HTML
  Parameters: {"utf8"=>"✓", "authenticity_token"=>"q1hNMr0WsuVn5x2NFDLlKNMSDbe51wRikaNYdeTRp7Yj83N6zLbfQRX1knKAPiNLAyuFst6iGi1G2E52JwvsxA==", "brewery"=>{"name"=>"lol", "year"=>"666"}, "commit"=>"Create Brewery"}
  [1m[36m (0.1ms)[0m  [1mbegin transaction[0m
  [1m[35mSQL (0.3ms)[0m  INSERT INTO "breweries" ("name", "year", "created_at", "updated_at") VALUES (?, ?, ?, ?)  [["name", "lol"], ["year", 666], ["created_at", "2017-01-27 08:18:47.978712"], ["updated_at", "2017-01-27 08:18:47.978712"]]
  [1m[36m (8.3ms)[0m  [1mcommit transaction[0m
Redirected to http://localhost:3000/breweries/1
Completed 302 Found in 13ms (ActiveRecord: 8.7ms)


Started GET "/breweries/1" for 127.0.0.1 at 2017-01-27 10:18:48 +0200
Processing by BreweriesController#show as HTML
  Parameters: {"id"=>"1"}
  [1m[35mBrewery Load (0.3ms)[0m  SELECT  "breweries".* FROM "breweries" WHERE "breweries"."id" = ? LIMIT 1  [["id", 1]]
  [1m[36m (0.2ms)[0m  [1mSELECT COUNT(*) FROM "beers" WHERE "beers"."brewery_id" = ?[0m  [["brewery_id", 1]]
  [1m[35mBeer Load (0.1ms)[0m  SELECT "beers".* FROM "beers" WHERE "beers"."brewery_id" = ?  [["brewery_id", 1]]
  Rendered breweries/show.html.erb within layouts/application (23.4ms)
Completed 200 OK in 53ms (Views: 37.8ms | ActiveRecord: 0.6ms)


Started GET "/breweries" for 127.0.0.1 at 2017-01-27 10:18:51 +0200
Processing by BreweriesController#index as HTML
  [1m[36m (0.1ms)[0m  [1mSELECT COUNT(*) FROM "breweries"[0m
  [1m[35mBrewery Load (0.2ms)[0m  SELECT "breweries".* FROM "breweries"
  Rendered breweries/index.html.erb within layouts/application (1.5ms)
Completed 200 OK in 14ms (Views: 13.5ms | ActiveRecord: 0.3ms)


Started GET "/beers" for 127.0.0.1 at 2017-01-27 10:19:32 +0200
Processing by BeersController#index as HTML
  [1m[36mBeer Load (0.2ms)[0m  [1mSELECT "beers".* FROM "beers"[0m
  Rendered beers/index.html.erb within layouts/application (0.7ms)
Completed 200 OK in 11ms (Views: 10.1ms | ActiveRecord: 0.2ms)


Started GET "/beers/new" for 127.0.0.1 at 2017-01-27 10:19:33 +0200
Processing by BeersController#new as HTML
  Rendered beers/_form.html.erb (7.2ms)
  Rendered beers/new.html.erb within layouts/application (9.1ms)
Completed 200 OK in 39ms (Views: 34.6ms | ActiveRecord: 0.2ms)


Started POST "/beers" for 127.0.0.1 at 2017-01-27 10:19:51 +0200
Processing by BeersController#create as HTML
  Parameters: {"utf8"=>"✓", "authenticity_token"=>"0fO4utjRGeAulel8e3uDJIn7D4lMbr9cj4SExftH54JZWIbyqXF0RFyHZoPvd0VHWcKHjCsboRNY/5LGOJ2s8A==", "beer"=>{"name"=>"Nam", "style"=>"Pontikka", "brewery_id"=>"1"}, "commit"=>"Create Beer"}
  [1m[35m (0.1ms)[0m  begin transaction
  [1m[36mSQL (0.3ms)[0m  [1mINSERT INTO "beers" ("name", "style", "brewery_id", "created_at", "updated_at") VALUES (?, ?, ?, ?, ?)[0m  [["name", "Nam"], ["style", "Pontikka"], ["brewery_id", 1], ["created_at", "2017-01-27 08:19:51.726670"], ["updated_at", "2017-01-27 08:19:51.726670"]]
  [1m[35m (11.0ms)[0m  commit transaction
Redirected to http://localhost:3000/beers/1
Completed 302 Found in 14ms (ActiveRecord: 11.3ms)


Started GET "/beers/1" for 127.0.0.1 at 2017-01-27 10:19:51 +0200
Processing by BeersController#show as HTML
  Parameters: {"id"=>"1"}
  [1m[36mBeer Load (0.1ms)[0m  [1mSELECT  "beers".* FROM "beers" WHERE "beers"."id" = ? LIMIT 1[0m  [["id", 1]]
  Rendered beers/show.html.erb within layouts/application (2.4ms)
Completed 200 OK in 19ms (Views: 17.8ms | ActiveRecord: 0.1ms)


Started GET "/beers" for 127.0.0.1 at 2017-01-27 10:19:54 +0200
Processing by BeersController#index as HTML
  [1m[35mBeer Load (0.1ms)[0m  SELECT "beers".* FROM "beers"
  [1m[36mBrewery Load (0.2ms)[0m  [1mSELECT  "breweries".* FROM "breweries" WHERE "breweries"."id" = ? LIMIT 1[0m  [["id", 1]]
  Rendered beers/index.html.erb within layouts/application (7.1ms)
Completed 200 OK in 23ms (Views: 22.1ms | ActiveRecord: 0.3ms)


Started GET "/breweries" for 127.0.0.1 at 2017-01-27 10:20:01 +0200
Processing by BreweriesController#index as HTML
  [1m[35m (0.1ms)[0m  SELECT COUNT(*) FROM "breweries"
  [1m[36mBrewery Load (0.1ms)[0m  [1mSELECT "breweries".* FROM "breweries"[0m
  Rendered breweries/index.html.erb within layouts/application (1.6ms)
Completed 200 OK in 12ms (Views: 11.7ms | ActiveRecord: 0.2ms)


Started GET "/breweries/1" for 127.0.0.1 at 2017-01-27 10:20:04 +0200
Processing by BreweriesController#show as HTML
  Parameters: {"id"=>"1"}
  [1m[35mBrewery Load (0.1ms)[0m  SELECT  "breweries".* FROM "breweries" WHERE "breweries"."id" = ? LIMIT 1  [["id", 1]]
  [1m[36m (0.1ms)[0m  [1mSELECT COUNT(*) FROM "beers" WHERE "beers"."brewery_id" = ?[0m  [["brewery_id", 1]]
  [1m[35mBeer Load (0.1ms)[0m  SELECT "beers".* FROM "beers" WHERE "beers"."brewery_id" = ?  [["brewery_id", 1]]
  Rendered breweries/show.html.erb within layouts/application (1.8ms)
Completed 200 OK in 16ms (Views: 14.5ms | ActiveRecord: 0.2ms)
